<?xml version="1.0" encoding="UTF-8"?>
<!-- Generated by org.testng.reporters.JUnitReportReporter -->
<testsuite hostname="LPCAIQ1132" failures="0" tests="1" name="UtilitiesClass.DirectoryManager" time="0.051" errors="0" timestamp="2023-01-18T17:30:31 EET" skipped="0">
  <testcase classname="UtilitiesClass.DirectoryManager" name="getfilename" time="0.051"/>
  <system-out/>
</testsuite> <!-- UtilitiesClass.DirectoryManager -->
