<?xml version="1.0" encoding="UTF-8"?>
<!-- Generated by org.testng.reporters.JUnitReportReporter -->
<testsuite hostname="LPCAIQ1132" failures="0" tests="1" name="Readerclass.dataSourceReader" time="0.056" errors="0" timestamp="2023-01-17T22:54:00 EET" skipped="0">
  <testcase classname="Readerclass.dataSourceReader" name="getfilename" time="0.056"/>
  <system-out/>
</testsuite> <!-- Readerclass.dataSourceReader -->
