<?xml version="1.0" encoding="UTF-8"?>
<!-- Generated by org.testng.reporters.JUnitReportReporter -->
<testsuite hostname="LPCAIQ1132" failures="0" tests="1" name="Cucumber_TestRunner.tesingdraft" time="7.617" errors="0" timestamp="2023-01-22T15:55:09 EET" skipped="0">
  <testcase classname="Cucumber_TestRunner.tesingdraft" name="setDir" time="7.617"/>
  <system-out/>
</testsuite> <!-- Cucumber_TestRunner.tesingdraft -->
